Arguments: 
  C:\Program Files\nodejs\node.exe C:\Users\Luan\AppData\Roaming\npm\node_modules\yarn\bin\yarn.js add express @type/express knex sqlite3

PATH: 
  C:\cmder\bin;C:\cmder\vendor\bin;C:\cmder\vendor\conemu-maximus5\ConEmu\Scripts;C:\cmder\vendor\conemu-maximus5\ConEmu;C:\Program Files (x86)\NVIDIA Corporation\PhysX\Common;C:\Program Files (x86)\Common Files\Oracle\Java\javapath;C:\Windows\system32;C:\Windows;C:\Windows\System32\Wbem;C:\Windows\System32\WindowsPowerShell\v1.0\;C:\Program Files\nodejs\;C:\Program Files\Git\cmd;C;\MinGW\bin;C:\Program Files\Git;C:\cmder\vendor\conemu-maximus5;C:\Program Files (x86)\Calibre2\;C:\Users\Luan\AppData\Local\Programs\Python\Python35\Scripts\;C:\Users\Luan\AppData\Local\Programs\Python\Python35\;C:\Users\Luan\AppData\Roaming\npm;C:\Users\Luan\AppData\Local\Programs\Microsoft VS Code\bin;C:\Android\Sdk\emulator;C:\Android\Sdk\tools;C:\Android\Sdk\tools\bin;C:\Android\Sdk\platform-tools;C:\Users\Luan\AppData\Local\Programs\Microsoft VS Code Insiders\bin;C:\Users\Luan\AppData\Local\GitHubDesktop\bin;C:\Program Files\Git\mingw64\bin;C:\Program Files\Git\usr\bin;C:\cmder;C:\cmder\vendor\git-for-windows\cmd;C:\cmder\vendor\git-for-windows\mingw64\bin;C:\cmder\vendor\git-for-windows\usr\bin

Yarn version: 
  1.22.4

Node version: 
  12.16.3

Platform: 
  win32 x64

Trace: 
  Error: https://registry.yarnpkg.com/@type%2fexpress: Not found
      at Request.params.callback [as _callback] (C:\Users\Luan\AppData\Roaming\npm\node_modules\yarn\lib\cli.js:66987:18)
      at Request.self.callback (C:\Users\Luan\AppData\Roaming\npm\node_modules\yarn\lib\cli.js:140748:22)
      at Request.emit (events.js:310:20)
      at Request.<anonymous> (C:\Users\Luan\AppData\Roaming\npm\node_modules\yarn\lib\cli.js:141720:10)
      at Request.emit (events.js:310:20)
      at IncomingMessage.<anonymous> (C:\Users\Luan\AppData\Roaming\npm\node_modules\yarn\lib\cli.js:141642:12)
      at Object.onceWrapper (events.js:416:28)
      at IncomingMessage.emit (events.js:322:22)
      at endReadableNT (_stream_readable.js:1187:12)
      at processTicksAndRejections (internal/process/task_queues.js:84:21)

npm manifest: 
  {
    "name": "Api_For_Svg",
    "version": "1.0.0",
    "description": "Api destinning for source to svgs",
    "main": "index.js",
    "author": "Luan",
    "license": "MIT"
  }

yarn manifest: 
  No manifest

Lockfile: 
  No lockfile
